The system is: Linux - 3.10.0-1160.2.1.el7.x86_64 - x86_64
Compiling the C compiler identification source file "CMakeCCompilerId.c" succeeded.
Compiler: /usr/local/bin/gcc 
Build flags: 
Id flags:  

The output was:
0


Compilation of the C compiler identification source "CMakeCCompilerId.c" produced "a.out"

The C compiler identification is GNU, found in "/home/uri.yakar/Mivni/Hw1/BoomCourseManager/build/CMakeFiles/3.17.0/CompilerIdC/a.out"

Compiling the CXX compiler identification source file "CMakeCXXCompilerId.cpp" succeeded.
Compiler: /usr/local/bin/g++ 
Build flags: 
Id flags:  

The output was:
0


Compilation of the CXX compiler identification source "CMakeCXXCompilerId.cpp" produced "a.out"

The CXX compiler identification is GNU, found in "/home/uri.yakar/Mivni/Hw1/BoomCourseManager/build/CMakeFiles/3.17.0/CompilerIdCXX/a.out"

Determining if the C compiler works passed with the following output:
Change Dir: /home/uri.yakar/Mivni/Hw1/BoomCourseManager/build/CMakeFiles/CMakeTmp

Run Build Command(s):/usr/bin/gmake cmTC_f1ab4/fast && /usr/bin/gmake -f CMakeFiles/cmTC_f1ab4.dir/build.make CMakeFiles/cmTC_f1ab4.dir/build
gmake[1]: Entering directory `/home/uri.yakar/Mivni/Hw1/BoomCourseManager/build/CMakeFiles/CMakeTmp'
Building C object CMakeFiles/cmTC_f1ab4.dir/testCCompiler.c.o
/usr/local/bin/gcc    -o CMakeFiles/cmTC_f1ab4.dir/testCCompiler.c.o   -c /home/uri.yakar/Mivni/Hw1/BoomCourseManager/build/CMakeFiles/CMakeTmp/testCCompiler.c
Linking C executable cmTC_f1ab4
/home/mtm/cmake-3.17.0-Linux-x86_64/bin/cmake -E cmake_link_script CMakeFiles/cmTC_f1ab4.dir/link.txt --verbose=1
/usr/local/bin/gcc      CMakeFiles/cmTC_f1ab4.dir/testCCompiler.c.o  -o cmTC_f1ab4 
gmake[1]: Leaving directory `/home/uri.yakar/Mivni/Hw1/BoomCourseManager/build/CMakeFiles/CMakeTmp'



Detecting C compiler ABI info compiled with the following output:
Change Dir: /home/uri.yakar/Mivni/Hw1/BoomCourseManager/build/CMakeFiles/CMakeTmp

Run Build Command(s):/usr/bin/gmake cmTC_7a6f5/fast && /usr/bin/gmake -f CMakeFiles/cmTC_7a6f5.dir/build.make CMakeFiles/cmTC_7a6f5.dir/build
gmake[1]: Entering directory `/home/uri.yakar/Mivni/Hw1/BoomCourseManager/build/CMakeFiles/CMakeTmp'
Building C object CMakeFiles/cmTC_7a6f5.dir/CMakeCCompilerABI.c.o
/usr/local/bin/gcc   -v -o CMakeFiles/cmTC_7a6f5.dir/CMakeCCompilerABI.c.o   -c /home/mtm/cmake-3.17.0-Linux-x86_64/share/cmake-3.17/Modules/CMakeCCompilerABI.c
Using built-in specs.
COLLECT_GCC=/usr/local/bin/gcc
Target: x86_64-unknown-linux-gnu
Configured with: ../gcc_5_5_0_release/configure
Thread model: posix
gcc version 5.5.0 (GCC) 
COLLECT_GCC_OPTIONS='-v' '-o' 'CMakeFiles/cmTC_7a6f5.dir/CMakeCCompilerABI.c.o' '-c' '-mtune=generic' '-march=x86-64'
 /usr/local/libexec/gcc/x86_64-unknown-linux-gnu/5.5.0/cc1 -quiet -v /home/mtm/cmake-3.17.0-Linux-x86_64/share/cmake-3.17/Modules/CMakeCCompilerABI.c -quiet -dumpbase CMakeCCompilerABI.c -mtune=generic -march=x86-64 -auxbase-strip CMakeFiles/cmTC_7a6f5.dir/CMakeCCompilerABI.c.o -version -o /tmp/ccfGgLKK.s
GNU C11 (GCC) version 5.5.0 (x86_64-unknown-linux-gnu)
	compiled by GNU C version 5.5.0, GMP version 4.3.2, MPFR version 2.4.2, MPC version 0.8.1
GGC heuristics: --param ggc-min-expand=100 --param ggc-min-heapsize=131072
ignoring nonexistent directory "/usr/local/lib/gcc/x86_64-unknown-linux-gnu/5.5.0/../../../../x86_64-unknown-linux-gnu/include"
#include "..." search starts here:
#include <...> search starts here:
 /usr/local/lib/gcc/x86_64-unknown-linux-gnu/5.5.0/include
 /usr/local/include
 /usr/local/lib/gcc/x86_64-unknown-linux-gnu/5.5.0/include-fixed
 /usr/include
End of search list.
GNU C11 (GCC) version 5.5.0 (x86_64-unknown-linux-gnu)
	compiled by GNU C version 5.5.0, GMP version 4.3.2, MPFR version 2.4.2, MPC version 0.8.1
GGC heuristics: --param ggc-min-expand=100 --param ggc-min-heapsize=131072
Compiler executable checksum: 72bc951123588311031133e6028b8c7a
COLLECT_GCC_OPTIONS='-v' '-o' 'CMakeFiles/cmTC_7a6f5.dir/CMakeCCompilerABI.c.o' '-c' '-mtune=generic' '-march=x86-64'
 as -v --64 -o CMakeFiles/cmTC_7a6f5.dir/CMakeCCompilerABI.c.o /tmp/ccfGgLKK.s
GNU assembler version 2.27 (x86_64-redhat-linux) using BFD version version 2.27-41.base.el7_7.1
COMPILER_PATH=/usr/local/libexec/gcc/x86_64-unknown-linux-gnu/5.5.0/:/usr/local/libexec/gcc/x86_64-unknown-linux-gnu/5.5.0/:/usr/local/libexec/gcc/x86_64-unknown-linux-gnu/:/usr/local/lib/gcc/x86_64-unknown-linux-gnu/5.5.0/:/usr/local/lib/gcc/x86_64-unknown-linux-gnu/
LIBRARY_PATH=/usr/local/lib/gcc/x86_64-unknown-linux-gnu/5.5.0/:/usr/local/lib/gcc/x86_64-unknown-linux-gnu/5.5.0/../../../../lib64/:/lib/../lib64/:/usr/lib/../lib64/:/usr/local/lib/gcc/x86_64-unknown-linux-gnu/5.5.0/../../../:/lib/:/usr/lib/
COLLECT_GCC_OPTIONS='-v' '-o' 'CMakeFiles/cmTC_7a6f5.dir/CMakeCCompilerABI.c.o' '-c' '-mtune=generic' '-march=x86-64'
Linking C executable cmTC_7a6f5
/home/mtm/cmake-3.17.0-Linux-x86_64/bin/cmake -E cmake_link_script CMakeFiles/cmTC_7a6f5.dir/link.txt --verbose=1
/usr/local/bin/gcc     -v CMakeFiles/cmTC_7a6f5.dir/CMakeCCompilerABI.c.o  -o cmTC_7a6f5 
Using built-in specs.
COLLECT_GCC=/usr/local/bin/gcc
COLLECT_LTO_WRAPPER=/usr/local/libexec/gcc/x86_64-unknown-linux-gnu/5.5.0/lto-wrapper
Target: x86_64-unknown-linux-gnu
Configured with: ../gcc_5_5_0_release/configure
Thread model: posix
gcc version 5.5.0 (GCC) 
COMPILER_PATH=/usr/local/libexec/gcc/x86_64-unknown-linux-gnu/5.5.0/:/usr/local/libexec/gcc/x86_64-unknown-linux-gnu/5.5.0/:/usr/local/libexec/gcc/x86_64-unknown-linux-gnu/:/usr/local/lib/gcc/x86_64-unknown-linux-gnu/5.5.0/:/usr/local/lib/gcc/x86_64-unknown-linux-gnu/
LIBRARY_PATH=/usr/local/lib/gcc/x86_64-unknown-linux-gnu/5.5.0/:/usr/local/lib/gcc/x86_64-unknown-linux-gnu/5.5.0/../../../../lib64/:/lib/../lib64/:/usr/lib/../lib64/:/usr/local/lib/gcc/x86_64-unknown-linux-gnu/5.5.0/../../../:/lib/:/usr/lib/
COLLECT_GCC_OPTIONS='-v' '-o' 'cmTC_7a6f5' '-mtune=generic' '-march=x86-64'
 /usr/local/libexec/gcc/x86_64-unknown-linux-gnu/5.5.0/collect2 -plugin /usr/local/libexec/gcc/x86_64-unknown-linux-gnu/5.5.0/liblto_plugin.so -plugin-opt=/usr/local/libexec/gcc/x86_64-unknown-linux-gnu/5.5.0/lto-wrapper -plugin-opt=-fresolution=/tmp/ccJY9uJQ.res -plugin-opt=-pass-through=-lgcc -plugin-opt=-pass-through=-lgcc_s -plugin-opt=-pass-through=-lc -plugin-opt=-pass-through=-lgcc -plugin-opt=-pass-through=-lgcc_s --eh-frame-hdr -num_classes elf_x86_64 -dynamic-linker /lib64/ld-linux-x86-64.so.2 -o cmTC_7a6f5 /lib/../lib64/crt1.o /lib/../lib64/crti.o /usr/local/lib/gcc/x86_64-unknown-linux-gnu/5.5.0/crtbegin.o -L/usr/local/lib/gcc/x86_64-unknown-linux-gnu/5.5.0 -L/usr/local/lib/gcc/x86_64-unknown-linux-gnu/5.5.0/../../../../lib64 -L/lib/../lib64 -L/usr/lib/../lib64 -L/usr/local/lib/gcc/x86_64-unknown-linux-gnu/5.5.0/../../.. CMakeFiles/cmTC_7a6f5.dir/CMakeCCompilerABI.c.o -lgcc --as-needed -lgcc_s --no-as-needed -lc -lgcc --as-needed -lgcc_s --no-as-needed /usr/local/lib/gcc/x86_64-unknown-linux-gnu/5.5.0/crtend.o /lib/../lib64/crtn.o
gmake[1]: Leaving directory `/home/uri.yakar/Mivni/Hw1/BoomCourseManager/build/CMakeFiles/CMakeTmp'



Parsed C implicit include dir info from above output: rv=done
  found start of include info
  found start of implicit include info
    add: [/usr/local/lib/gcc/x86_64-unknown-linux-gnu/5.5.0/include]
    add: [/usr/local/include]
    add: [/usr/local/lib/gcc/x86_64-unknown-linux-gnu/5.5.0/include-fixed]
    add: [/usr/include]
  end of search list found
  collapse include dir [/usr/local/lib/gcc/x86_64-unknown-linux-gnu/5.5.0/include] ==> [/usr/local/lib/gcc/x86_64-unknown-linux-gnu/5.5.0/include]
  collapse include dir [/usr/local/include] ==> [/usr/local/include]
  collapse include dir [/usr/local/lib/gcc/x86_64-unknown-linux-gnu/5.5.0/include-fixed] ==> [/usr/local/lib/gcc/x86_64-unknown-linux-gnu/5.5.0/include-fixed]
  collapse include dir [/usr/include] ==> [/usr/include]
  implicit include dirs: [/usr/local/lib/gcc/x86_64-unknown-linux-gnu/5.5.0/include;/usr/local/include;/usr/local/lib/gcc/x86_64-unknown-linux-gnu/5.5.0/include-fixed;/usr/include]


Parsed C implicit link information from above output:
  link line regex: [^( *|.*[/\])(ld|CMAKE_LINK_STARTFILE-NOTFOUND|([^/\]+-)?ld|collect2)[^/\]*( |$)]
  ignore line: [Change Dir: /home/uri.yakar/Mivni/Hw1/BoomCourseManager/build/CMakeFiles/CMakeTmp]
  ignore line: []
  ignore line: [Run Build Command(s):/usr/bin/gmake cmTC_7a6f5/fast && /usr/bin/gmake -f CMakeFiles/cmTC_7a6f5.dir/build.make CMakeFiles/cmTC_7a6f5.dir/build]
  ignore line: [gmake[1]: Entering directory `/home/uri.yakar/Mivni/Hw1/BoomCourseManager/build/CMakeFiles/CMakeTmp']
  ignore line: [Building C object CMakeFiles/cmTC_7a6f5.dir/CMakeCCompilerABI.c.o]
  ignore line: [/usr/local/bin/gcc   -v -o CMakeFiles/cmTC_7a6f5.dir/CMakeCCompilerABI.c.o   -c /home/mtm/cmake-3.17.0-Linux-x86_64/share/cmake-3.17/Modules/CMakeCCompilerABI.c]
  ignore line: [Using built-in specs.]
  ignore line: [COLLECT_GCC=/usr/local/bin/gcc]
  ignore line: [Target: x86_64-unknown-linux-gnu]
  ignore line: [Configured with: ../gcc_5_5_0_release/configure]
  ignore line: [Thread model: posix]
  ignore line: [gcc version 5.5.0 (GCC) ]
  ignore line: [COLLECT_GCC_OPTIONS='-v' '-o' 'CMakeFiles/cmTC_7a6f5.dir/CMakeCCompilerABI.c.o' '-c' '-mtune=generic' '-march=x86-64']
  ignore line: [ /usr/local/libexec/gcc/x86_64-unknown-linux-gnu/5.5.0/cc1 -quiet -v /home/mtm/cmake-3.17.0-Linux-x86_64/share/cmake-3.17/Modules/CMakeCCompilerABI.c -quiet -dumpbase CMakeCCompilerABI.c -mtune=generic -march=x86-64 -auxbase-strip CMakeFiles/cmTC_7a6f5.dir/CMakeCCompilerABI.c.o -version -o /tmp/ccfGgLKK.s]
  ignore line: [GNU C11 (GCC) version 5.5.0 (x86_64-unknown-linux-gnu)]
  ignore line: [	compiled by GNU C version 5.5.0  GMP version 4.3.2  MPFR version 2.4.2  MPC version 0.8.1]
  ignore line: [GGC heuristics: --param ggc-min-expand=100 --param ggc-min-heapsize=131072]
  ignore line: [ignoring nonexistent directory "/usr/local/lib/gcc/x86_64-unknown-linux-gnu/5.5.0/../../../../x86_64-unknown-linux-gnu/include"]
  ignore line: [#include "..." search starts here:]
  ignore line: [#include <...> search starts here:]
  ignore line: [ /usr/local/lib/gcc/x86_64-unknown-linux-gnu/5.5.0/include]
  ignore line: [ /usr/local/include]
  ignore line: [ /usr/local/lib/gcc/x86_64-unknown-linux-gnu/5.5.0/include-fixed]
  ignore line: [ /usr/include]
  ignore line: [End of search list.]
  ignore line: [GNU C11 (GCC) version 5.5.0 (x86_64-unknown-linux-gnu)]
  ignore line: [	compiled by GNU C version 5.5.0  GMP version 4.3.2  MPFR version 2.4.2  MPC version 0.8.1]
  ignore line: [GGC heuristics: --param ggc-min-expand=100 --param ggc-min-heapsize=131072]
  ignore line: [Compiler executable checksum: 72bc951123588311031133e6028b8c7a]
  ignore line: [COLLECT_GCC_OPTIONS='-v' '-o' 'CMakeFiles/cmTC_7a6f5.dir/CMakeCCompilerABI.c.o' '-c' '-mtune=generic' '-march=x86-64']
  ignore line: [ as -v --64 -o CMakeFiles/cmTC_7a6f5.dir/CMakeCCompilerABI.c.o /tmp/ccfGgLKK.s]
  ignore line: [GNU assembler version 2.27 (x86_64-redhat-linux) using BFD version version 2.27-41.base.el7_7.1]
  ignore line: [COMPILER_PATH=/usr/local/libexec/gcc/x86_64-unknown-linux-gnu/5.5.0/:/usr/local/libexec/gcc/x86_64-unknown-linux-gnu/5.5.0/:/usr/local/libexec/gcc/x86_64-unknown-linux-gnu/:/usr/local/lib/gcc/x86_64-unknown-linux-gnu/5.5.0/:/usr/local/lib/gcc/x86_64-unknown-linux-gnu/]
  ignore line: [LIBRARY_PATH=/usr/local/lib/gcc/x86_64-unknown-linux-gnu/5.5.0/:/usr/local/lib/gcc/x86_64-unknown-linux-gnu/5.5.0/../../../../lib64/:/lib/../lib64/:/usr/lib/../lib64/:/usr/local/lib/gcc/x86_64-unknown-linux-gnu/5.5.0/../../../:/lib/:/usr/lib/]
  ignore line: [COLLECT_GCC_OPTIONS='-v' '-o' 'CMakeFiles/cmTC_7a6f5.dir/CMakeCCompilerABI.c.o' '-c' '-mtune=generic' '-march=x86-64']
  ignore line: [Linking C executable cmTC_7a6f5]
  ignore line: [/home/mtm/cmake-3.17.0-Linux-x86_64/bin/cmake -E cmake_link_script CMakeFiles/cmTC_7a6f5.dir/link.txt --verbose=1]
  ignore line: [/usr/local/bin/gcc     -v CMakeFiles/cmTC_7a6f5.dir/CMakeCCompilerABI.c.o  -o cmTC_7a6f5 ]
  ignore line: [Using built-in specs.]
  ignore line: [COLLECT_GCC=/usr/local/bin/gcc]
  ignore line: [COLLECT_LTO_WRAPPER=/usr/local/libexec/gcc/x86_64-unknown-linux-gnu/5.5.0/lto-wrapper]
  ignore line: [Target: x86_64-unknown-linux-gnu]
  ignore line: [Configured with: ../gcc_5_5_0_release/configure]
  ignore line: [Thread model: posix]
  ignore line: [gcc version 5.5.0 (GCC) ]
  ignore line: [COMPILER_PATH=/usr/local/libexec/gcc/x86_64-unknown-linux-gnu/5.5.0/:/usr/local/libexec/gcc/x86_64-unknown-linux-gnu/5.5.0/:/usr/local/libexec/gcc/x86_64-unknown-linux-gnu/:/usr/local/lib/gcc/x86_64-unknown-linux-gnu/5.5.0/:/usr/local/lib/gcc/x86_64-unknown-linux-gnu/]
  ignore line: [LIBRARY_PATH=/usr/local/lib/gcc/x86_64-unknown-linux-gnu/5.5.0/:/usr/local/lib/gcc/x86_64-unknown-linux-gnu/5.5.0/../../../../lib64/:/lib/../lib64/:/usr/lib/../lib64/:/usr/local/lib/gcc/x86_64-unknown-linux-gnu/5.5.0/../../../:/lib/:/usr/lib/]
  ignore line: [COLLECT_GCC_OPTIONS='-v' '-o' 'cmTC_7a6f5' '-mtune=generic' '-march=x86-64']
  link line: [ /usr/local/libexec/gcc/x86_64-unknown-linux-gnu/5.5.0/collect2 -plugin /usr/local/libexec/gcc/x86_64-unknown-linux-gnu/5.5.0/liblto_plugin.so -plugin-opt=/usr/local/libexec/gcc/x86_64-unknown-linux-gnu/5.5.0/lto-wrapper -plugin-opt=-fresolution=/tmp/ccJY9uJQ.res -plugin-opt=-pass-through=-lgcc -plugin-opt=-pass-through=-lgcc_s -plugin-opt=-pass-through=-lc -plugin-opt=-pass-through=-lgcc -plugin-opt=-pass-through=-lgcc_s --eh-frame-hdr -num_classes elf_x86_64 -dynamic-linker /lib64/ld-linux-x86-64.so.2 -o cmTC_7a6f5 /lib/../lib64/crt1.o /lib/../lib64/crti.o /usr/local/lib/gcc/x86_64-unknown-linux-gnu/5.5.0/crtbegin.o -L/usr/local/lib/gcc/x86_64-unknown-linux-gnu/5.5.0 -L/usr/local/lib/gcc/x86_64-unknown-linux-gnu/5.5.0/../../../../lib64 -L/lib/../lib64 -L/usr/lib/../lib64 -L/usr/local/lib/gcc/x86_64-unknown-linux-gnu/5.5.0/../../.. CMakeFiles/cmTC_7a6f5.dir/CMakeCCompilerABI.c.o -lgcc --as-needed -lgcc_s --no-as-needed -lc -lgcc --as-needed -lgcc_s --no-as-needed /usr/local/lib/gcc/x86_64-unknown-linux-gnu/5.5.0/crtend.o /lib/../lib64/crtn.o]
    arg [/usr/local/libexec/gcc/x86_64-unknown-linux-gnu/5.5.0/collect2] ==> ignore
    arg [-plugin] ==> ignore
    arg [/usr/local/libexec/gcc/x86_64-unknown-linux-gnu/5.5.0/liblto_plugin.so] ==> ignore
    arg [-plugin-opt=/usr/local/libexec/gcc/x86_64-unknown-linux-gnu/5.5.0/lto-wrapper] ==> ignore
    arg [-plugin-opt=-fresolution=/tmp/ccJY9uJQ.res] ==> ignore
    arg [-plugin-opt=-pass-through=-lgcc] ==> ignore
    arg [-plugin-opt=-pass-through=-lgcc_s] ==> ignore
    arg [-plugin-opt=-pass-through=-lc] ==> ignore
    arg [-plugin-opt=-pass-through=-lgcc] ==> ignore
    arg [-plugin-opt=-pass-through=-lgcc_s] ==> ignore
    arg [--eh-frame-hdr] ==> ignore
    arg [-num_classes] ==> ignore
    arg [elf_x86_64] ==> ignore
    arg [-dynamic-linker] ==> ignore
    arg [/lib64/ld-linux-x86-64.so.2] ==> ignore
    arg [-o] ==> ignore
    arg [cmTC_7a6f5] ==> ignore
    arg [/lib/../lib64/crt1.o] ==> ignore
    arg [/lib/../lib64/crti.o] ==> ignore
    arg [/usr/local/lib/gcc/x86_64-unknown-linux-gnu/5.5.0/crtbegin.o] ==> ignore
    arg [-L/usr/local/lib/gcc/x86_64-unknown-linux-gnu/5.5.0] ==> dir [/usr/local/lib/gcc/x86_64-unknown-linux-gnu/5.5.0]
    arg [-L/usr/local/lib/gcc/x86_64-unknown-linux-gnu/5.5.0/../../../../lib64] ==> dir [/usr/local/lib/gcc/x86_64-unknown-linux-gnu/5.5.0/../../../../lib64]
    arg [-L/lib/../lib64] ==> dir [/lib/../lib64]
    arg [-L/usr/lib/../lib64] ==> dir [/usr/lib/../lib64]
    arg [-L/usr/local/lib/gcc/x86_64-unknown-linux-gnu/5.5.0/../../..] ==> dir [/usr/local/lib/gcc/x86_64-unknown-linux-gnu/5.5.0/../../..]
    arg [CMakeFiles/cmTC_7a6f5.dir/CMakeCCompilerABI.c.o] ==> ignore
    arg [-lgcc] ==> lib [gcc]
    arg [--as-needed] ==> ignore
    arg [-lgcc_s] ==> lib [gcc_s]
    arg [--no-as-needed] ==> ignore
    arg [-lc] ==> lib [c]
    arg [-lgcc] ==> lib [gcc]
    arg [--as-needed] ==> ignore
    arg [-lgcc_s] ==> lib [gcc_s]
    arg [--no-as-needed] ==> ignore
    arg [/usr/local/lib/gcc/x86_64-unknown-linux-gnu/5.5.0/crtend.o] ==> ignore
    arg [/lib/../lib64/crtn.o] ==> ignore
  collapse library dir [/usr/local/lib/gcc/x86_64-unknown-linux-gnu/5.5.0] ==> [/usr/local/lib/gcc/x86_64-unknown-linux-gnu/5.5.0]
  collapse library dir [/usr/local/lib/gcc/x86_64-unknown-linux-gnu/5.5.0/../../../../lib64] ==> [/usr/local/lib64]
  collapse library dir [/lib/../lib64] ==> [/lib64]
  collapse library dir [/usr/lib/../lib64] ==> [/usr/lib64]
  collapse library dir [/usr/local/lib/gcc/x86_64-unknown-linux-gnu/5.5.0/../../..] ==> [/usr/local/lib]
  implicit libs: [gcc;gcc_s;c;gcc;gcc_s]
  implicit dirs: [/usr/local/lib/gcc/x86_64-unknown-linux-gnu/5.5.0;/usr/local/lib64;/lib64;/usr/lib64;/usr/local/lib]
  implicit fwks: []


Determining if the CXX compiler works passed with the following output:
Change Dir: /home/uri.yakar/Mivni/Hw1/BoomCourseManager/build/CMakeFiles/CMakeTmp

Run Build Command(s):/usr/bin/gmake cmTC_c9361/fast && /usr/bin/gmake -f CMakeFiles/cmTC_c9361.dir/build.make CMakeFiles/cmTC_c9361.dir/build
gmake[1]: Entering directory `/home/uri.yakar/Mivni/Hw1/BoomCourseManager/build/CMakeFiles/CMakeTmp'
Building CXX object CMakeFiles/cmTC_c9361.dir/testCXXCompiler.cxx.o
/usr/local/bin/g++     -o CMakeFiles/cmTC_c9361.dir/testCXXCompiler.cxx.o -c /home/uri.yakar/Mivni/Hw1/BoomCourseManager/build/CMakeFiles/CMakeTmp/testCXXCompiler.cxx
Linking CXX executable cmTC_c9361
/home/mtm/cmake-3.17.0-Linux-x86_64/bin/cmake -E cmake_link_script CMakeFiles/cmTC_c9361.dir/link.txt --verbose=1
/usr/local/bin/g++       CMakeFiles/cmTC_c9361.dir/testCXXCompiler.cxx.o  -o cmTC_c9361 
gmake[1]: Leaving directory `/home/uri.yakar/Mivni/Hw1/BoomCourseManager/build/CMakeFiles/CMakeTmp'



Detecting CXX compiler ABI info compiled with the following output:
Change Dir: /home/uri.yakar/Mivni/Hw1/BoomCourseManager/build/CMakeFiles/CMakeTmp

Run Build Command(s):/usr/bin/gmake cmTC_67195/fast && /usr/bin/gmake -f CMakeFiles/cmTC_67195.dir/build.make CMakeFiles/cmTC_67195.dir/build
gmake[1]: Entering directory `/home/uri.yakar/Mivni/Hw1/BoomCourseManager/build/CMakeFiles/CMakeTmp'
Building CXX object CMakeFiles/cmTC_67195.dir/CMakeCXXCompilerABI.cpp.o
/usr/local/bin/g++    -v -o CMakeFiles/cmTC_67195.dir/CMakeCXXCompilerABI.cpp.o -c /home/mtm/cmake-3.17.0-Linux-x86_64/share/cmake-3.17/Modules/CMakeCXXCompilerABI.cpp
Using built-in specs.
COLLECT_GCC=/usr/local/bin/g++
Target: x86_64-unknown-linux-gnu
Configured with: ../gcc_5_5_0_release/configure
Thread model: posix
gcc version 5.5.0 (GCC) 
COLLECT_GCC_OPTIONS='-v' '-o' 'CMakeFiles/cmTC_67195.dir/CMakeCXXCompilerABI.cpp.o' '-c' '-shared-libgcc' '-mtune=generic' '-march=x86-64'
 /usr/local/libexec/gcc/x86_64-unknown-linux-gnu/5.5.0/cc1plus -quiet -v -D_GNU_SOURCE /home/mtm/cmake-3.17.0-Linux-x86_64/share/cmake-3.17/Modules/CMakeCXXCompilerABI.cpp -quiet -dumpbase CMakeCXXCompilerABI.cpp -mtune=generic -march=x86-64 -auxbase-strip CMakeFiles/cmTC_67195.dir/CMakeCXXCompilerABI.cpp.o -version -o /tmp/cc8rEJjr.s
GNU C++ (GCC) version 5.5.0 (x86_64-unknown-linux-gnu)
	compiled by GNU C version 5.5.0, GMP version 4.3.2, MPFR version 2.4.2, MPC version 0.8.1
GGC heuristics: --param ggc-min-expand=100 --param ggc-min-heapsize=131072
ignoring nonexistent directory "/usr/local/lib/gcc/x86_64-unknown-linux-gnu/5.5.0/../../../../x86_64-unknown-linux-gnu/include"
#include "..." search starts here:
#include <...> search starts here:
 /usr/local/lib/gcc/x86_64-unknown-linux-gnu/5.5.0/../../../../include/c++/5.5.0
 /usr/local/lib/gcc/x86_64-unknown-linux-gnu/5.5.0/../../../../include/c++/5.5.0/x86_64-unknown-linux-gnu
 /usr/local/lib/gcc/x86_64-unknown-linux-gnu/5.5.0/../../../../include/c++/5.5.0/backward
 /usr/local/lib/gcc/x86_64-unknown-linux-gnu/5.5.0/include
 /usr/local/include
 /usr/local/lib/gcc/x86_64-unknown-linux-gnu/5.5.0/include-fixed
 /usr/include
End of search list.
GNU C++ (GCC) version 5.5.0 (x86_64-unknown-linux-gnu)
	compiled by GNU C version 5.5.0, GMP version 4.3.2, MPFR version 2.4.2, MPC version 0.8.1
GGC heuristics: --param ggc-min-expand=100 --param ggc-min-heapsize=131072
Compiler executable checksum: d5cc09deefadafcd9368540237b0bd25
COLLECT_GCC_OPTIONS='-v' '-o' 'CMakeFiles/cmTC_67195.dir/CMakeCXXCompilerABI.cpp.o' '-c' '-shared-libgcc' '-mtune=generic' '-march=x86-64'
 as -v --64 -o CMakeFiles/cmTC_67195.dir/CMakeCXXCompilerABI.cpp.o /tmp/cc8rEJjr.s
GNU assembler version 2.27 (x86_64-redhat-linux) using BFD version version 2.27-41.base.el7_7.1
COMPILER_PATH=/usr/local/libexec/gcc/x86_64-unknown-linux-gnu/5.5.0/:/usr/local/libexec/gcc/x86_64-unknown-linux-gnu/5.5.0/:/usr/local/libexec/gcc/x86_64-unknown-linux-gnu/:/usr/local/lib/gcc/x86_64-unknown-linux-gnu/5.5.0/:/usr/local/lib/gcc/x86_64-unknown-linux-gnu/
LIBRARY_PATH=/usr/local/lib/gcc/x86_64-unknown-linux-gnu/5.5.0/:/usr/local/lib/gcc/x86_64-unknown-linux-gnu/5.5.0/../../../../lib64/:/lib/../lib64/:/usr/lib/../lib64/:/usr/local/lib/gcc/x86_64-unknown-linux-gnu/5.5.0/../../../:/lib/:/usr/lib/
COLLECT_GCC_OPTIONS='-v' '-o' 'CMakeFiles/cmTC_67195.dir/CMakeCXXCompilerABI.cpp.o' '-c' '-shared-libgcc' '-mtune=generic' '-march=x86-64'
Linking CXX executable cmTC_67195
/home/mtm/cmake-3.17.0-Linux-x86_64/bin/cmake -E cmake_link_script CMakeFiles/cmTC_67195.dir/link.txt --verbose=1
/usr/local/bin/g++      -v CMakeFiles/cmTC_67195.dir/CMakeCXXCompilerABI.cpp.o  -o cmTC_67195 
Using built-in specs.
COLLECT_GCC=/usr/local/bin/g++
COLLECT_LTO_WRAPPER=/usr/local/libexec/gcc/x86_64-unknown-linux-gnu/5.5.0/lto-wrapper
Target: x86_64-unknown-linux-gnu
Configured with: ../gcc_5_5_0_release/configure
Thread model: posix
gcc version 5.5.0 (GCC) 
COMPILER_PATH=/usr/local/libexec/gcc/x86_64-unknown-linux-gnu/5.5.0/:/usr/local/libexec/gcc/x86_64-unknown-linux-gnu/5.5.0/:/usr/local/libexec/gcc/x86_64-unknown-linux-gnu/:/usr/local/lib/gcc/x86_64-unknown-linux-gnu/5.5.0/:/usr/local/lib/gcc/x86_64-unknown-linux-gnu/
LIBRARY_PATH=/usr/local/lib/gcc/x86_64-unknown-linux-gnu/5.5.0/:/usr/local/lib/gcc/x86_64-unknown-linux-gnu/5.5.0/../../../../lib64/:/lib/../lib64/:/usr/lib/../lib64/:/usr/local/lib/gcc/x86_64-unknown-linux-gnu/5.5.0/../../../:/lib/:/usr/lib/
COLLECT_GCC_OPTIONS='-v' '-o' 'cmTC_67195' '-shared-libgcc' '-mtune=generic' '-march=x86-64'
 /usr/local/libexec/gcc/x86_64-unknown-linux-gnu/5.5.0/collect2 -plugin /usr/local/libexec/gcc/x86_64-unknown-linux-gnu/5.5.0/liblto_plugin.so -plugin-opt=/usr/local/libexec/gcc/x86_64-unknown-linux-gnu/5.5.0/lto-wrapper -plugin-opt=-fresolution=/tmp/ccaDUE7r.res -plugin-opt=-pass-through=-lgcc_s -plugin-opt=-pass-through=-lgcc -plugin-opt=-pass-through=-lc -plugin-opt=-pass-through=-lgcc_s -plugin-opt=-pass-through=-lgcc --eh-frame-hdr -num_classes elf_x86_64 -dynamic-linker /lib64/ld-linux-x86-64.so.2 -o cmTC_67195 /lib/../lib64/crt1.o /lib/../lib64/crti.o /usr/local/lib/gcc/x86_64-unknown-linux-gnu/5.5.0/crtbegin.o -L/usr/local/lib/gcc/x86_64-unknown-linux-gnu/5.5.0 -L/usr/local/lib/gcc/x86_64-unknown-linux-gnu/5.5.0/../../../../lib64 -L/lib/../lib64 -L/usr/lib/../lib64 -L/usr/local/lib/gcc/x86_64-unknown-linux-gnu/5.5.0/../../.. CMakeFiles/cmTC_67195.dir/CMakeCXXCompilerABI.cpp.o -lstdc++ -lm -lgcc_s -lgcc -lc -lgcc_s -lgcc /usr/local/lib/gcc/x86_64-unknown-linux-gnu/5.5.0/crtend.o /lib/../lib64/crtn.o
gmake[1]: Leaving directory `/home/uri.yakar/Mivni/Hw1/BoomCourseManager/build/CMakeFiles/CMakeTmp'



Parsed CXX implicit include dir info from above output: rv=done
  found start of include info
  found start of implicit include info
    add: [/usr/local/lib/gcc/x86_64-unknown-linux-gnu/5.5.0/../../../../include/c++/5.5.0]
    add: [/usr/local/lib/gcc/x86_64-unknown-linux-gnu/5.5.0/../../../../include/c++/5.5.0/x86_64-unknown-linux-gnu]
    add: [/usr/local/lib/gcc/x86_64-unknown-linux-gnu/5.5.0/../../../../include/c++/5.5.0/backward]
    add: [/usr/local/lib/gcc/x86_64-unknown-linux-gnu/5.5.0/include]
    add: [/usr/local/include]
    add: [/usr/local/lib/gcc/x86_64-unknown-linux-gnu/5.5.0/include-fixed]
    add: [/usr/include]
  end of search list found
  collapse include dir [/usr/local/lib/gcc/x86_64-unknown-linux-gnu/5.5.0/../../../../include/c++/5.5.0] ==> [/usr/local/include/c++/5.5.0]
  collapse include dir [/usr/local/lib/gcc/x86_64-unknown-linux-gnu/5.5.0/../../../../include/c++/5.5.0/x86_64-unknown-linux-gnu] ==> [/usr/local/include/c++/5.5.0/x86_64-unknown-linux-gnu]
  collapse include dir [/usr/local/lib/gcc/x86_64-unknown-linux-gnu/5.5.0/../../../../include/c++/5.5.0/backward] ==> [/usr/local/include/c++/5.5.0/backward]
  collapse include dir [/usr/local/lib/gcc/x86_64-unknown-linux-gnu/5.5.0/include] ==> [/usr/local/lib/gcc/x86_64-unknown-linux-gnu/5.5.0/include]
  collapse include dir [/usr/local/include] ==> [/usr/local/include]
  collapse include dir [/usr/local/lib/gcc/x86_64-unknown-linux-gnu/5.5.0/include-fixed] ==> [/usr/local/lib/gcc/x86_64-unknown-linux-gnu/5.5.0/include-fixed]
  collapse include dir [/usr/include] ==> [/usr/include]
  implicit include dirs: [/usr/local/include/c++/5.5.0;/usr/local/include/c++/5.5.0/x86_64-unknown-linux-gnu;/usr/local/include/c++/5.5.0/backward;/usr/local/lib/gcc/x86_64-unknown-linux-gnu/5.5.0/include;/usr/local/include;/usr/local/lib/gcc/x86_64-unknown-linux-gnu/5.5.0/include-fixed;/usr/include]


Parsed CXX implicit link information from above output:
  link line regex: [^( *|.*[/\])(ld|CMAKE_LINK_STARTFILE-NOTFOUND|([^/\]+-)?ld|collect2)[^/\]*( |$)]
  ignore line: [Change Dir: /home/uri.yakar/Mivni/Hw1/BoomCourseManager/build/CMakeFiles/CMakeTmp]
  ignore line: []
  ignore line: [Run Build Command(s):/usr/bin/gmake cmTC_67195/fast && /usr/bin/gmake -f CMakeFiles/cmTC_67195.dir/build.make CMakeFiles/cmTC_67195.dir/build]
  ignore line: [gmake[1]: Entering directory `/home/uri.yakar/Mivni/Hw1/BoomCourseManager/build/CMakeFiles/CMakeTmp']
  ignore line: [Building CXX object CMakeFiles/cmTC_67195.dir/CMakeCXXCompilerABI.cpp.o]
  ignore line: [/usr/local/bin/g++    -v -o CMakeFiles/cmTC_67195.dir/CMakeCXXCompilerABI.cpp.o -c /home/mtm/cmake-3.17.0-Linux-x86_64/share/cmake-3.17/Modules/CMakeCXXCompilerABI.cpp]
  ignore line: [Using built-in specs.]
  ignore line: [COLLECT_GCC=/usr/local/bin/g++]
  ignore line: [Target: x86_64-unknown-linux-gnu]
  ignore line: [Configured with: ../gcc_5_5_0_release/configure]
  ignore line: [Thread model: posix]
  ignore line: [gcc version 5.5.0 (GCC) ]
  ignore line: [COLLECT_GCC_OPTIONS='-v' '-o' 'CMakeFiles/cmTC_67195.dir/CMakeCXXCompilerABI.cpp.o' '-c' '-shared-libgcc' '-mtune=generic' '-march=x86-64']
  ignore line: [ /usr/local/libexec/gcc/x86_64-unknown-linux-gnu/5.5.0/cc1plus -quiet -v -D_GNU_SOURCE /home/mtm/cmake-3.17.0-Linux-x86_64/share/cmake-3.17/Modules/CMakeCXXCompilerABI.cpp -quiet -dumpbase CMakeCXXCompilerABI.cpp -mtune=generic -march=x86-64 -auxbase-strip CMakeFiles/cmTC_67195.dir/CMakeCXXCompilerABI.cpp.o -version -o /tmp/cc8rEJjr.s]
  ignore line: [GNU C++ (GCC) version 5.5.0 (x86_64-unknown-linux-gnu)]
  ignore line: [	compiled by GNU C version 5.5.0  GMP version 4.3.2  MPFR version 2.4.2  MPC version 0.8.1]
  ignore line: [GGC heuristics: --param ggc-min-expand=100 --param ggc-min-heapsize=131072]
  ignore line: [ignoring nonexistent directory "/usr/local/lib/gcc/x86_64-unknown-linux-gnu/5.5.0/../../../../x86_64-unknown-linux-gnu/include"]
  ignore line: [#include "..." search starts here:]
  ignore line: [#include <...> search starts here:]
  ignore line: [ /usr/local/lib/gcc/x86_64-unknown-linux-gnu/5.5.0/../../../../include/c++/5.5.0]
  ignore line: [ /usr/local/lib/gcc/x86_64-unknown-linux-gnu/5.5.0/../../../../include/c++/5.5.0/x86_64-unknown-linux-gnu]
  ignore line: [ /usr/local/lib/gcc/x86_64-unknown-linux-gnu/5.5.0/../../../../include/c++/5.5.0/backward]
  ignore line: [ /usr/local/lib/gcc/x86_64-unknown-linux-gnu/5.5.0/include]
  ignore line: [ /usr/local/include]
  ignore line: [ /usr/local/lib/gcc/x86_64-unknown-linux-gnu/5.5.0/include-fixed]
  ignore line: [ /usr/include]
  ignore line: [End of search list.]
  ignore line: [GNU C++ (GCC) version 5.5.0 (x86_64-unknown-linux-gnu)]
  ignore line: [	compiled by GNU C version 5.5.0  GMP version 4.3.2  MPFR version 2.4.2  MPC version 0.8.1]
  ignore line: [GGC heuristics: --param ggc-min-expand=100 --param ggc-min-heapsize=131072]
  ignore line: [Compiler executable checksum: d5cc09deefadafcd9368540237b0bd25]
  ignore line: [COLLECT_GCC_OPTIONS='-v' '-o' 'CMakeFiles/cmTC_67195.dir/CMakeCXXCompilerABI.cpp.o' '-c' '-shared-libgcc' '-mtune=generic' '-march=x86-64']
  ignore line: [ as -v --64 -o CMakeFiles/cmTC_67195.dir/CMakeCXXCompilerABI.cpp.o /tmp/cc8rEJjr.s]
  ignore line: [GNU assembler version 2.27 (x86_64-redhat-linux) using BFD version version 2.27-41.base.el7_7.1]
  ignore line: [COMPILER_PATH=/usr/local/libexec/gcc/x86_64-unknown-linux-gnu/5.5.0/:/usr/local/libexec/gcc/x86_64-unknown-linux-gnu/5.5.0/:/usr/local/libexec/gcc/x86_64-unknown-linux-gnu/:/usr/local/lib/gcc/x86_64-unknown-linux-gnu/5.5.0/:/usr/local/lib/gcc/x86_64-unknown-linux-gnu/]
  ignore line: [LIBRARY_PATH=/usr/local/lib/gcc/x86_64-unknown-linux-gnu/5.5.0/:/usr/local/lib/gcc/x86_64-unknown-linux-gnu/5.5.0/../../../../lib64/:/lib/../lib64/:/usr/lib/../lib64/:/usr/local/lib/gcc/x86_64-unknown-linux-gnu/5.5.0/../../../:/lib/:/usr/lib/]
  ignore line: [COLLECT_GCC_OPTIONS='-v' '-o' 'CMakeFiles/cmTC_67195.dir/CMakeCXXCompilerABI.cpp.o' '-c' '-shared-libgcc' '-mtune=generic' '-march=x86-64']
  ignore line: [Linking CXX executable cmTC_67195]
  ignore line: [/home/mtm/cmake-3.17.0-Linux-x86_64/bin/cmake -E cmake_link_script CMakeFiles/cmTC_67195.dir/link.txt --verbose=1]
  ignore line: [/usr/local/bin/g++      -v CMakeFiles/cmTC_67195.dir/CMakeCXXCompilerABI.cpp.o  -o cmTC_67195 ]
  ignore line: [Using built-in specs.]
  ignore line: [COLLECT_GCC=/usr/local/bin/g++]
  ignore line: [COLLECT_LTO_WRAPPER=/usr/local/libexec/gcc/x86_64-unknown-linux-gnu/5.5.0/lto-wrapper]
  ignore line: [Target: x86_64-unknown-linux-gnu]
  ignore line: [Configured with: ../gcc_5_5_0_release/configure]
  ignore line: [Thread model: posix]
  ignore line: [gcc version 5.5.0 (GCC) ]
  ignore line: [COMPILER_PATH=/usr/local/libexec/gcc/x86_64-unknown-linux-gnu/5.5.0/:/usr/local/libexec/gcc/x86_64-unknown-linux-gnu/5.5.0/:/usr/local/libexec/gcc/x86_64-unknown-linux-gnu/:/usr/local/lib/gcc/x86_64-unknown-linux-gnu/5.5.0/:/usr/local/lib/gcc/x86_64-unknown-linux-gnu/]
  ignore line: [LIBRARY_PATH=/usr/local/lib/gcc/x86_64-unknown-linux-gnu/5.5.0/:/usr/local/lib/gcc/x86_64-unknown-linux-gnu/5.5.0/../../../../lib64/:/lib/../lib64/:/usr/lib/../lib64/:/usr/local/lib/gcc/x86_64-unknown-linux-gnu/5.5.0/../../../:/lib/:/usr/lib/]
  ignore line: [COLLECT_GCC_OPTIONS='-v' '-o' 'cmTC_67195' '-shared-libgcc' '-mtune=generic' '-march=x86-64']
  link line: [ /usr/local/libexec/gcc/x86_64-unknown-linux-gnu/5.5.0/collect2 -plugin /usr/local/libexec/gcc/x86_64-unknown-linux-gnu/5.5.0/liblto_plugin.so -plugin-opt=/usr/local/libexec/gcc/x86_64-unknown-linux-gnu/5.5.0/lto-wrapper -plugin-opt=-fresolution=/tmp/ccaDUE7r.res -plugin-opt=-pass-through=-lgcc_s -plugin-opt=-pass-through=-lgcc -plugin-opt=-pass-through=-lc -plugin-opt=-pass-through=-lgcc_s -plugin-opt=-pass-through=-lgcc --eh-frame-hdr -num_classes elf_x86_64 -dynamic-linker /lib64/ld-linux-x86-64.so.2 -o cmTC_67195 /lib/../lib64/crt1.o /lib/../lib64/crti.o /usr/local/lib/gcc/x86_64-unknown-linux-gnu/5.5.0/crtbegin.o -L/usr/local/lib/gcc/x86_64-unknown-linux-gnu/5.5.0 -L/usr/local/lib/gcc/x86_64-unknown-linux-gnu/5.5.0/../../../../lib64 -L/lib/../lib64 -L/usr/lib/../lib64 -L/usr/local/lib/gcc/x86_64-unknown-linux-gnu/5.5.0/../../.. CMakeFiles/cmTC_67195.dir/CMakeCXXCompilerABI.cpp.o -lstdc++ -lm -lgcc_s -lgcc -lc -lgcc_s -lgcc /usr/local/lib/gcc/x86_64-unknown-linux-gnu/5.5.0/crtend.o /lib/../lib64/crtn.o]
    arg [/usr/local/libexec/gcc/x86_64-unknown-linux-gnu/5.5.0/collect2] ==> ignore
    arg [-plugin] ==> ignore
    arg [/usr/local/libexec/gcc/x86_64-unknown-linux-gnu/5.5.0/liblto_plugin.so] ==> ignore
    arg [-plugin-opt=/usr/local/libexec/gcc/x86_64-unknown-linux-gnu/5.5.0/lto-wrapper] ==> ignore
    arg [-plugin-opt=-fresolution=/tmp/ccaDUE7r.res] ==> ignore
    arg [-plugin-opt=-pass-through=-lgcc_s] ==> ignore
    arg [-plugin-opt=-pass-through=-lgcc] ==> ignore
    arg [-plugin-opt=-pass-through=-lc] ==> ignore
    arg [-plugin-opt=-pass-through=-lgcc_s] ==> ignore
    arg [-plugin-opt=-pass-through=-lgcc] ==> ignore
    arg [--eh-frame-hdr] ==> ignore
    arg [-num_classes] ==> ignore
    arg [elf_x86_64] ==> ignore
    arg [-dynamic-linker] ==> ignore
    arg [/lib64/ld-linux-x86-64.so.2] ==> ignore
    arg [-o] ==> ignore
    arg [cmTC_67195] ==> ignore
    arg [/lib/../lib64/crt1.o] ==> ignore
    arg [/lib/../lib64/crti.o] ==> ignore
    arg [/usr/local/lib/gcc/x86_64-unknown-linux-gnu/5.5.0/crtbegin.o] ==> ignore
    arg [-L/usr/local/lib/gcc/x86_64-unknown-linux-gnu/5.5.0] ==> dir [/usr/local/lib/gcc/x86_64-unknown-linux-gnu/5.5.0]
    arg [-L/usr/local/lib/gcc/x86_64-unknown-linux-gnu/5.5.0/../../../../lib64] ==> dir [/usr/local/lib/gcc/x86_64-unknown-linux-gnu/5.5.0/../../../../lib64]
    arg [-L/lib/../lib64] ==> dir [/lib/../lib64]
    arg [-L/usr/lib/../lib64] ==> dir [/usr/lib/../lib64]
    arg [-L/usr/local/lib/gcc/x86_64-unknown-linux-gnu/5.5.0/../../..] ==> dir [/usr/local/lib/gcc/x86_64-unknown-linux-gnu/5.5.0/../../..]
    arg [CMakeFiles/cmTC_67195.dir/CMakeCXXCompilerABI.cpp.o] ==> ignore
    arg [-lstdc++] ==> lib [stdc++]
    arg [-lm] ==> lib [num_classes]
    arg [-lgcc_s] ==> lib [gcc_s]
    arg [-lgcc] ==> lib [gcc]
    arg [-lc] ==> lib [c]
    arg [-lgcc_s] ==> lib [gcc_s]
    arg [-lgcc] ==> lib [gcc]
    arg [/usr/local/lib/gcc/x86_64-unknown-linux-gnu/5.5.0/crtend.o] ==> ignore
    arg [/lib/../lib64/crtn.o] ==> ignore
  collapse library dir [/usr/local/lib/gcc/x86_64-unknown-linux-gnu/5.5.0] ==> [/usr/local/lib/gcc/x86_64-unknown-linux-gnu/5.5.0]
  collapse library dir [/usr/local/lib/gcc/x86_64-unknown-linux-gnu/5.5.0/../../../../lib64] ==> [/usr/local/lib64]
  collapse library dir [/lib/../lib64] ==> [/lib64]
  collapse library dir [/usr/lib/../lib64] ==> [/usr/lib64]
  collapse library dir [/usr/local/lib/gcc/x86_64-unknown-linux-gnu/5.5.0/../../..] ==> [/usr/local/lib]
  implicit libs: [stdc++;num_classes;gcc_s;gcc;c;gcc_s;gcc]
  implicit dirs: [/usr/local/lib/gcc/x86_64-unknown-linux-gnu/5.5.0;/usr/local/lib64;/lib64;/usr/lib64;/usr/local/lib]
  implicit fwks: []


